<?xml version="1.0" encoding="UTF-8"?>
<!-- Generated by org.testng.reporters.JUnitReportReporter -->
<testsuite skipped="0" hostname="edu22-PC" name="testng.NewTest" tests="3" failures="0" timestamp="22 Jun 2018 10:01:01 GMT" time="0.000" errors="0">
  <testcase name="h" time="0.000" classname="testng.NewTest"/>
  <testcase name="f" time="0.000" classname="testng.NewTest"/>
  <testcase name="g" time="0.000" classname="testng.NewTest"/>
</testsuite> <!-- testng.NewTest -->
