<?xml version="1.0" encoding="UTF-8"?>
<!-- Generated by org.testng.reporters.JUnitReportReporter -->
<testsuite skipped="0" hostname="edu22-PC" name="testnggroupis.NewTest" tests="3" failures="0" timestamp="22 Jun 2018 10:21:58 GMT" time="0.031" errors="0">
  <testcase name="h" time="0.000" classname="testnggroupis.NewTest"/>
  <testcase name="f" time="0.016" classname="testnggroupis.NewTest"/>
  <testcase name="g" time="0.015" classname="testnggroupis.NewTest"/>
</testsuite> <!-- testnggroupis.NewTest -->
