<?xml version="1.0" encoding="UTF-8"?>
<!-- Generated by org.testng.reporters.JUnitReportReporter -->
<testsuite skipped="0" hostname="edu22-PC" name="login.LoginTest" tests="1" failures="0" timestamp="26 Jun 2018 10:08:33 GMT" time="41.482" errors="0">
  <testcase name="login" time="41.482" classname="login.LoginTest"/>
</testsuite> <!-- login.LoginTest -->
