<?xml version="1.0" encoding="UTF-8"?>
<!-- Generated by org.testng.reporters.JUnitReportReporter -->
<testsuite skipped="0" hostname="edu22-PC" name="Settings.Patient_importTest" tests="1" failures="0" timestamp="27 Jun 2018 10:33:18 GMT" time="4.039" errors="0">
  <testcase name="patient_import" time="4.039" classname="Settings.Patient_importTest"/>
</testsuite> <!-- Settings.Patient_importTest -->
